<?xml version="1.0" encoding="UTF-8"?>
<testsuite xmlns:xsi="http://www.w3.org/2001/XMLSchema-instance" xsi:noNamespaceSchemaLocation="https://maven.apache.org/surefire/maven-surefire-plugin/xsd/surefire-test-report.xsd" version="3.0.2" name="com.kickdrum.hospitalStaffingApp.HospitalStaffingAppApplicationTests" time="5.802" tests="1" errors="0" skipped="0" failures="0">
  <properties>
[...]
</properties>
  <testcase name="contextLoads" classname="com.kickdrum.hospitalStaffingApp.HospitalStaffingAppApplicationTests" time="0.793">
    <system-out><![CDATA[12:40:35.488 [main] INFO org.springframework.test.context.support.AnnotationConfigContextLoaderUtils -- Could not detect default configuration classes for test class [com.kickdrum.hospitalStaffingApp.HospitalStaffingAppApplicationTests]: HospitalStaffingAppApplicationTests does not declare any static, non-private, non-final, nested classes annotated with @Configuration.
12:40:35.643 [main] INFO org.springframework.boot.test.context.SpringBootTestContextBootstrapper -- Found @SpringBootConfiguration com.kickdrum.hospitalStaffingApp.HospitalStaffingAppApplication for test class com.kickdrum.hospitalStaffingApp.HospitalStaffingAppApplicationTests
12:40:35.933 [main] INFO org.springframework.boot.devtools.restart.RestartApplicationListener -- Restart disabled due to context in which it is running

  .   ____          _            __ _ _
 /\\ / ___'_ __ _ _(_)_ __  __ _ \ \ \ \
( ( )\___ | '_ | '_| | '_ \/ _` | \ \ \ \
 \\/  ___)| |_)| | | | | || (_| |  ) ) ) )
  '  |____| .__|_| |_|_| |_\__, | / / / /
 =========|_|==============|___/=/_/_/_/

 :: Spring Boot ::                (v3.5.9)

2026-01-13T12:40:36.362+05:30  INFO 29568 --- [hospitalStaffingApp] [           main] .k.h.HospitalStaffingAppApplicationTests : Starting HospitalStaffingAppApplicationTests using Java 21.0.9 with PID 29568 (started by Dell in C:\Users\Dell\Downloads\hospitalStaffingApp\hospitalStaffingApp)
2026-01-13T12:40:36.363+05:30  INFO 29568 --- [hospitalStaffingApp] [           main] .k.h.HospitalStaffingAppApplicationTests : No active profile set, falling back to 1 default profile: "default"
2026-01-13T12:40:37.377+05:30  INFO 29568 --- [hospitalStaffingApp] [           main] .s.d.r.c.RepositoryConfigurationDelegate : Bootstrapping Spring Data JDBC repositories in DEFAULT mode.
2026-01-13T12:40:37.414+05:30  INFO 29568 --- [hospitalStaffingApp] [           main] .s.d.r.c.RepositoryConfigurationDelegate : Finished Spring Data repository scanning in 19 ms. Found 0 JDBC repository interfaces.
2026-01-13T12:40:38.883+05:30  INFO 29568 --- [hospitalStaffingApp] [           main] com.zaxxer.hikari.HikariDataSource       : HikariPool-1 - Starting...
2026-01-13T12:40:39.139+05:30  INFO 29568 --- [hospitalStaffingApp] [           main] com.zaxxer.hikari.pool.HikariPool        : HikariPool-1 - Added connection conn0: url=jdbc:h2:mem:02c8f76c-cf23-4137-af62-eacc060108d7 user=SA
2026-01-13T12:40:39.144+05:30  INFO 29568 --- [hospitalStaffingApp] [           main] com.zaxxer.hikari.HikariDataSource       : HikariPool-1 - Start completed.
2026-01-13T12:40:39.631+05:30  WARN 29568 --- [hospitalStaffingApp] [           main] .s.s.UserDetailsServiceAutoConfiguration : 

Using generated security password: e3f06762-1856-423f-9735-e37e283b38a9

This generated password is for development use only. Your security configuration must be updated before running your application in production.

2026-01-13T12:40:39.654+05:30  INFO 29568 --- [hospitalStaffingApp] [           main] r$InitializeUserDetailsManagerConfigurer : Global AuthenticationManager configured with UserDetailsService bean with name inMemoryUserDetailsManager
2026-01-13T12:40:40.232+05:30  INFO 29568 --- [hospitalStaffingApp] [           main] .k.h.HospitalStaffingAppApplicationTests : Started HospitalStaffingAppApplicationTests in 4.315 seconds (process running for 5.983)
]]></system-out>
    <system-err><![CDATA[Mockito is currently self-attaching to enable the inline-mock-maker. This will no longer work in future releases of the JDK. Please add Mockito as an agent to your build as described in Mockito's documentation: https://javadoc.io/doc/org.mockito/mockito-core/latest/org.mockito/org/mockito/Mockito.html#0.3
WARNING: A Java agent has been loaded dynamically (C:\Users\Dell\.m2\repository\net\bytebuddy\byte-buddy-agent\1.17.8\byte-buddy-agent-1.17.8.jar)
WARNING: If a serviceability tool is in use, please run with -XX:+EnableDynamicAgentLoading to hide this warning
WARNING: If a serviceability tool is not in use, please run with -Djdk.instrument.traceUsage for more information
WARNING: Dynamic loading of agents will be disallowed by default in a future release
]]></system-err>
  </testcase>
</testsuite>